{
  message: 'SIGTERM is received',
  level: '\x1B[32minfo\x1B[39m',
  label: 'UM-INFO',
  timestamp: '2023-06-11T17:01:29.796Z'
}
{
  message: '🌐 Server is running on port:5000',
  level: '\x1B[32minfo\x1B[39m',
  label: 'UM-INFO',
  timestamp: '2023-06-11T17:31:26.428Z'
}
{
  message: '🛢 Database connected successfully',
  level: '\x1B[32minfo\x1B[39m',
  label: 'UM-INFO',
  timestamp: '2023-06-11T17:31:30.126Z'
}
{
  message: 'Unhandled rejection error and closed server',
  level: '\x1B[32minfo\x1B[39m',
  label: 'UM-INFO',
  timestamp: '2023-06-11T17:31:40.701Z'
}
{
  message: 'SIGTERM is received',
  level: '\x1B[32minfo\x1B[39m',
  label: 'UM-INFO',
  timestamp: '2023-06-11T17:46:58.904Z'
}
