{
  issues: [
    {
      code: 'invalid_type',
      expected: 'string',
      received: 'undefined',
      path: [ 'body', 'id' ],
      message: 'ID is required'
    }
  ],
  addIssue: [Function (anonymous)],
  addIssues: [Function (anonymous)],
  name: 'ZodError',
  level: '\x1B[31merror\x1B[39m',
  message: 'globalErrorHandler ~ [\n' +
    '  {\n' +
    '    "code": "invalid_type",\n' +
    '    "expected": "string",\n' +
    '    "received": "undefined",\n' +
    '    "path": [\n' +
    '      "body",\n' +
    '      "id"\n' +
    '    ],\n' +
    '    "message": "ID is required"\n' +
    '  }\n' +
    ']',
  stack: 'ZodError: [\n' +
    '  {\n' +
    '    "code": "invalid_type",\n' +
    '    "expected": "string",\n' +
    '    "received": "undefined",\n' +
    '    "path": [\n' +
    '      "body",\n' +
    '      "id"\n' +
    '    ],\n' +
    '    "message": "ID is required"\n' +
    '  }\n' +
    ']\n' +
    '    at Object.get error [as error] (/home/rasel/Desktop/ph-next-level/university-management-system/node_modules/zod/lib/types.js:43:31)\n' +
    '    at ZodObject.parseAsync (/home/rasel/Desktop/ph-next-level/university-management-system/node_modules/zod/lib/types.js:164:22)\n' +
    '    at processTicksAndRejections (node:internal/process/task_queues:96:5)',
  label: 'UM-ERROR',
  timestamp: '2023-07-05T08:51:59.460Z'
}
{
  level: '\x1B[31merror\x1B[39m',
  message: 'globalErrorHandler ~ secretOrPrivateKey must have a value',
  stack: 'Error: secretOrPrivateKey must have a value\n' +
    '    at Object.module.exports [as sign] (/home/rasel/Desktop/ph-next-level/university-management-system/node_modules/jsonwebtoken/sign.js:105:20)\n' +
    '    at Object.createToken (/home/rasel/Desktop/ph-next-level/university-management-system/src/helpers/jwtHelpers.ts:9:14)\n' +
    '    at /home/rasel/Desktop/ph-next-level/university-management-system/src/app/modules/auth/auth.service.ts:36:34\n' +
    '    at Generator.next (<anonymous>)\n' +
    '    at fulfilled (/home/rasel/Desktop/ph-next-level/university-management-system/src/app/modules/auth/auth.service.ts:5:58)\n' +
    '    at processTicksAndRejections (node:internal/process/task_queues:96:5)',
  label: 'UM-ERROR',
  timestamp: '2023-07-05T08:52:07.960Z'
}
{
  level: '\x1B[31merror\x1B[39m',
  message: 'globalErrorHandler ~ secretOrPrivateKey must have a value',
  stack: 'Error: secretOrPrivateKey must have a value\n' +
    '    at Object.module.exports [as sign] (/home/rasel/Desktop/ph-next-level/university-management-system/node_modules/jsonwebtoken/sign.js:105:20)\n' +
    '    at Object.createToken (/home/rasel/Desktop/ph-next-level/university-management-system/src/helpers/jwtHelpers.ts:9:14)\n' +
    '    at /home/rasel/Desktop/ph-next-level/university-management-system/src/app/modules/auth/auth.service.ts:36:34\n' +
    '    at Generator.next (<anonymous>)\n' +
    '    at fulfilled (/home/rasel/Desktop/ph-next-level/university-management-system/src/app/modules/auth/auth.service.ts:5:58)\n' +
    '    at processTicksAndRejections (node:internal/process/task_queues:96:5)',
  label: 'UM-ERROR',
  timestamp: '2023-07-05T08:55:51.277Z'
}
