{
  issues: [
    {
      code: 'invalid_type',
      expected: 'number',
      received: 'string',
      path: [ 'body', 'year' ],
      message: 'Expected number, received string'
    }
  ],
  addIssue: [Function (anonymous)],
  addIssues: [Function (anonymous)],
  name: 'ZodError',
  level: '\x1B[31merror\x1B[39m',
  message: 'globalErrorHandler ~ [\n' +
    '  {\n' +
    '    "code": "invalid_type",\n' +
    '    "expected": "number",\n' +
    '    "received": "string",\n' +
    '    "path": [\n' +
    '      "body",\n' +
    '      "year"\n' +
    '    ],\n' +
    '    "message": "Expected number, received string"\n' +
    '  }\n' +
    ']',
  stack: 'ZodError: [\n' +
    '  {\n' +
    '    "code": "invalid_type",\n' +
    '    "expected": "number",\n' +
    '    "received": "string",\n' +
    '    "path": [\n' +
    '      "body",\n' +
    '      "year"\n' +
    '    ],\n' +
    '    "message": "Expected number, received string"\n' +
    '  }\n' +
    ']\n' +
    '    at Object.get error [as error] (/home/rasel/Desktop/ph-next-level/university-management-system/node_modules/zod/lib/types.js:43:31)\n' +
    '    at ZodObject.parseAsync (/home/rasel/Desktop/ph-next-level/university-management-system/node_modules/zod/lib/types.js:164:22)\n' +
    '    at processTicksAndRejections (node:internal/process/task_queues:96:5)',
  label: 'UM-ERROR',
  timestamp: '2023-06-07T10:11:57.127Z'
}
{
  issues: [
    {
      received: 'Aut',
      code: 'invalid_enum_value',
      options: [ 'Autumn', 'Summer', 'Fall' ],
      path: [ 'body', 'title' ],
      message: "Invalid enum value. Expected 'Autumn' | 'Summer' | 'Fall', received 'Aut'"
    }
  ],
  addIssue: [Function (anonymous)],
  addIssues: [Function (anonymous)],
  name: 'ZodError',
  level: '\x1B[31merror\x1B[39m',
  message: 'globalErrorHandler ~ [\n' +
    '  {\n' +
    '    "received": "Aut",\n' +
    '    "code": "invalid_enum_value",\n' +
    '    "options": [\n' +
    '      "Autumn",\n' +
    '      "Summer",\n' +
    '      "Fall"\n' +
    '    ],\n' +
    '    "path": [\n' +
    '      "body",\n' +
    '      "title"\n' +
    '    ],\n' +
    `    "message": "Invalid enum value. Expected 'Autumn' | 'Summer' | 'Fall', received 'Aut'"\n` +
    '  }\n' +
    ']',
  stack: 'ZodError: [\n' +
    '  {\n' +
    '    "received": "Aut",\n' +
    '    "code": "invalid_enum_value",\n' +
    '    "options": [\n' +
    '      "Autumn",\n' +
    '      "Summer",\n' +
    '      "Fall"\n' +
    '    ],\n' +
    '    "path": [\n' +
    '      "body",\n' +
    '      "title"\n' +
    '    ],\n' +
    `    "message": "Invalid enum value. Expected 'Autumn' | 'Summer' | 'Fall', received 'Aut'"\n` +
    '  }\n' +
    ']\n' +
    '    at Object.get error [as error] (/home/rasel/Desktop/ph-next-level/university-management-system/node_modules/zod/lib/types.js:43:31)\n' +
    '    at ZodObject.parseAsync (/home/rasel/Desktop/ph-next-level/university-management-system/node_modules/zod/lib/types.js:164:22)\n' +
    '    at processTicksAndRejections (node:internal/process/task_queues:96:5)',
  label: 'UM-ERROR',
  timestamp: '2023-06-07T10:13:58.687Z'
}
{
  issues: [
    {
      received: '05',
      code: 'invalid_enum_value',
      options: [ '01', '02', '03' ],
      path: [ 'body', 'code' ],
      message: "Invalid enum value. Expected '01' | '02' | '03', received '05'"
    }
  ],
  addIssue: [Function (anonymous)],
  addIssues: [Function (anonymous)],
  name: 'ZodError',
  level: '\x1B[31merror\x1B[39m',
  message: 'globalErrorHandler ~ [\n' +
    '  {\n' +
    '    "received": "05",\n' +
    '    "code": "invalid_enum_value",\n' +
    '    "options": [\n' +
    '      "01",\n' +
    '      "02",\n' +
    '      "03"\n' +
    '    ],\n' +
    '    "path": [\n' +
    '      "body",\n' +
    '      "code"\n' +
    '    ],\n' +
    `    "message": "Invalid enum value. Expected '01' | '02' | '03', received '05'"\n` +
    '  }\n' +
    ']',
  stack: 'ZodError: [\n' +
    '  {\n' +
    '    "received": "05",\n' +
    '    "code": "invalid_enum_value",\n' +
    '    "options": [\n' +
    '      "01",\n' +
    '      "02",\n' +
    '      "03"\n' +
    '    ],\n' +
    '    "path": [\n' +
    '      "body",\n' +
    '      "code"\n' +
    '    ],\n' +
    `    "message": "Invalid enum value. Expected '01' | '02' | '03', received '05'"\n` +
    '  }\n' +
    ']\n' +
    '    at Object.get error [as error] (/home/rasel/Desktop/ph-next-level/university-management-system/node_modules/zod/lib/types.js:43:31)\n' +
    '    at ZodObject.parseAsync (/home/rasel/Desktop/ph-next-level/university-management-system/node_modules/zod/lib/types.js:164:22)\n' +
    '    at processTicksAndRejections (node:internal/process/task_queues:96:5)',
  label: 'UM-ERROR',
  timestamp: '2023-06-07T10:14:32.748Z'
}
{
  issues: [
    {
      received: 'Januar',
      code: 'invalid_enum_value',
      options: [
        'January',   'February',
        'March',     'April',
        'May',       'June',
        'July',      'August',
        'September', 'October',
        'November',  'December'
      ],
      path: [ 'body', 'startMonth' ],
      message: "Invalid enum value. Expected 'January' | 'February' | 'March' | 'April' | 'May' | 'June' | 'July' | 'August' | 'September' | 'October' | 'November' | 'December', received 'Januar'"
    }
  ],
  addIssue: [Function (anonymous)],
  addIssues: [Function (anonymous)],
  name: 'ZodError',
  level: '\x1B[31merror\x1B[39m',
  message: 'globalErrorHandler ~ [\n' +
    '  {\n' +
    '    "received": "Januar",\n' +
    '    "code": "invalid_enum_value",\n' +
    '    "options": [\n' +
    '      "January",\n' +
    '      "February",\n' +
    '      "March",\n' +
    '      "April",\n' +
    '      "May",\n' +
    '      "June",\n' +
    '      "July",\n' +
    '      "August",\n' +
    '      "September",\n' +
    '      "October",\n' +
    '      "November",\n' +
    '      "December"\n' +
    '    ],\n' +
    '    "path": [\n' +
    '      "body",\n' +
    '      "startMonth"\n' +
    '    ],\n' +
    `    "message": "Invalid enum value. Expected 'January' | 'February' | 'March' | 'April' | 'May' | 'June' | 'July' | 'August' | 'September' | 'October' | 'November' | 'December', received 'Januar'"\n` +
    '  }\n' +
    ']',
  stack: 'ZodError: [\n' +
    '  {\n' +
    '    "received": "Januar",\n' +
    '    "code": "invalid_enum_value",\n' +
    '    "options": [\n' +
    '      "January",\n' +
    '      "February",\n' +
    '      "March",\n' +
    '      "April",\n' +
    '      "May",\n' +
    '      "June",\n' +
    '      "July",\n' +
    '      "August",\n' +
    '      "September",\n' +
    '      "October",\n' +
    '      "November",\n' +
    '      "December"\n' +
    '    ],\n' +
    '    "path": [\n' +
    '      "body",\n' +
    '      "startMonth"\n' +
    '    ],\n' +
    `    "message": "Invalid enum value. Expected 'January' | 'February' | 'March' | 'April' | 'May' | 'June' | 'July' | 'August' | 'September' | 'October' | 'November' | 'December', received 'Januar'"\n` +
    '  }\n' +
    ']\n' +
    '    at Object.get error [as error] (/home/rasel/Desktop/ph-next-level/university-management-system/node_modules/zod/lib/types.js:43:31)\n' +
    '    at ZodObject.parseAsync (/home/rasel/Desktop/ph-next-level/university-management-system/node_modules/zod/lib/types.js:164:22)\n' +
    '    at processTicksAndRejections (node:internal/process/task_queues:96:5)',
  label: 'UM-ERROR',
  timestamp: '2023-06-07T10:14:57.644Z'
}
{
  issues: [
    {
      received: 'Ma',
      code: 'invalid_enum_value',
      options: [
        'January',   'February',
        'March',     'April',
        'May',       'June',
        'July',      'August',
        'September', 'October',
        'November',  'December'
      ],
      path: [ 'body', 'endMonth' ],
      message: "Invalid enum value. Expected 'January' | 'February' | 'March' | 'April' | 'May' | 'June' | 'July' | 'August' | 'September' | 'October' | 'November' | 'December', received 'Ma'"
    }
  ],
  addIssue: [Function (anonymous)],
  addIssues: [Function (anonymous)],
  name: 'ZodError',
  level: '\x1B[31merror\x1B[39m',
  message: 'globalErrorHandler ~ [\n' +
    '  {\n' +
    '    "received": "Ma",\n' +
    '    "code": "invalid_enum_value",\n' +
    '    "options": [\n' +
    '      "January",\n' +
    '      "February",\n' +
    '      "March",\n' +
    '      "April",\n' +
    '      "May",\n' +
    '      "June",\n' +
    '      "July",\n' +
    '      "August",\n' +
    '      "September",\n' +
    '      "October",\n' +
    '      "November",\n' +
    '      "December"\n' +
    '    ],\n' +
    '    "path": [\n' +
    '      "body",\n' +
    '      "endMonth"\n' +
    '    ],\n' +
    `    "message": "Invalid enum value. Expected 'January' | 'February' | 'March' | 'April' | 'May' | 'June' | 'July' | 'August' | 'September' | 'October' | 'November' | 'December', received 'Ma'"\n` +
    '  }\n' +
    ']',
  stack: 'ZodError: [\n' +
    '  {\n' +
    '    "received": "Ma",\n' +
    '    "code": "invalid_enum_value",\n' +
    '    "options": [\n' +
    '      "January",\n' +
    '      "February",\n' +
    '      "March",\n' +
    '      "April",\n' +
    '      "May",\n' +
    '      "June",\n' +
    '      "July",\n' +
    '      "August",\n' +
    '      "September",\n' +
    '      "October",\n' +
    '      "November",\n' +
    '      "December"\n' +
    '    ],\n' +
    '    "path": [\n' +
    '      "body",\n' +
    '      "endMonth"\n' +
    '    ],\n' +
    `    "message": "Invalid enum value. Expected 'January' | 'February' | 'March' | 'April' | 'May' | 'June' | 'July' | 'August' | 'September' | 'October' | 'November' | 'December', received 'Ma'"\n` +
    '  }\n' +
    ']\n' +
    '    at Object.get error [as error] (/home/rasel/Desktop/ph-next-level/university-management-system/node_modules/zod/lib/types.js:43:31)\n' +
    '    at ZodObject.parseAsync (/home/rasel/Desktop/ph-next-level/university-management-system/node_modules/zod/lib/types.js:164:22)\n' +
    '    at processTicksAndRejections (node:internal/process/task_queues:96:5)',
  label: 'UM-ERROR',
  timestamp: '2023-06-07T10:15:10.505Z'
}
{
  statusCode: 409,
  level: '\x1B[31merror\x1B[39m',
  message: 'globalErrorHandler ~ Academic semester is already exist',
  stack: 'Error: Academic semester is already exist\n' +
    '    at model.<anonymous> (/home/rasel/Desktop/ph-next-level/university-management-system/src/app/modules/academicSemester/academicSemester.model.ts:54:11)\n' +
    '    at Generator.next (<anonymous>)\n' +
    '    at fulfilled (/home/rasel/Desktop/ph-next-level/university-management-system/src/app/modules/academicSemester/academicSemester.model.ts:5:58)\n' +
    '    at processTicksAndRejections (node:internal/process/task_queues:96:5)',
  label: 'UM-ERROR',
  timestamp: '2023-06-07T10:40:44.319Z'
}
