{
  statusCode: 409,
  level: '\x1B[31merror\x1B[39m',
  message: 'globalErrorHandler ~ Academic semester is already exist',
  stack: 'Error: Academic semester is already exist\n' +
    '    at model.<anonymous> (/home/rasel/Desktop/ph-next-level/university-management-system/src/app/modules/academicSemester/academicSemester.model.ts:54:11)\n' +
    '    at Generator.next (<anonymous>)\n' +
    '    at fulfilled (/home/rasel/Desktop/ph-next-level/university-management-system/src/app/modules/academicSemester/academicSemester.model.ts:5:58)\n' +
    '    at processTicksAndRejections (node:internal/process/task_queues:96:5)',
  label: 'UM-ERROR',
  timestamp: '2023-06-07T11:01:16.125Z'
}
{
  statusCode: 400,
  level: '\x1B[31merror\x1B[39m',
  message: 'globalErrorHandler ~ Invalid Semester Title Code',
  stack: 'Error: Invalid Semester Title Code\n' +
    '    at /home/rasel/Desktop/ph-next-level/university-management-system/src/app/modules/academicSemester/academicSemester.service.ts:11:11\n' +
    '    at Generator.next (<anonymous>)\n' +
    '    at /home/rasel/Desktop/ph-next-level/university-management-system/src/app/modules/academicSemester/academicSemester.service.ts:8:71\n' +
    '    at new Promise (<anonymous>)\n' +
    '    at __awaiter (/home/rasel/Desktop/ph-next-level/university-management-system/src/app/modules/academicSemester/academicSemester.service.ts:4:12)\n' +
    '    at Object.createAcademicSemesterService (/home/rasel/Desktop/ph-next-level/university-management-system/src/app/modules/academicSemester/academicSemester.service.ts:9:33)\n' +
    '    at /home/rasel/Desktop/ph-next-level/university-management-system/src/app/modules/academicSemester/academicSemester.controller.ts:8:50\n' +
    '    at Generator.next (<anonymous>)\n' +
    '    at /home/rasel/Desktop/ph-next-level/university-management-system/src/app/modules/academicSemester/academicSemester.controller.ts:8:71\n' +
    '    at new Promise (<anonymous>)',
  label: 'UM-ERROR',
  timestamp: '2023-06-07T11:01:30.886Z'
}
{
  statusCode: 400,
  level: '\x1B[31merror\x1B[39m',
  message: 'globalErrorHandler ~ Invalid Semester Title Code',
  stack: 'Error: Invalid Semester Title Code\n' +
    '    at /home/rasel/Desktop/ph-next-level/university-management-system/src/app/modules/academicSemester/academicSemester.service.ts:11:11\n' +
    '    at Generator.next (<anonymous>)\n' +
    '    at /home/rasel/Desktop/ph-next-level/university-management-system/src/app/modules/academicSemester/academicSemester.service.ts:8:71\n' +
    '    at new Promise (<anonymous>)\n' +
    '    at __awaiter (/home/rasel/Desktop/ph-next-level/university-management-system/src/app/modules/academicSemester/academicSemester.service.ts:4:12)\n' +
    '    at Object.createAcademicSemesterService (/home/rasel/Desktop/ph-next-level/university-management-system/src/app/modules/academicSemester/academicSemester.service.ts:9:33)\n' +
    '    at /home/rasel/Desktop/ph-next-level/university-management-system/src/app/modules/academicSemester/academicSemester.controller.ts:8:50\n' +
    '    at Generator.next (<anonymous>)\n' +
    '    at /home/rasel/Desktop/ph-next-level/university-management-system/src/app/modules/academicSemester/academicSemester.controller.ts:8:71\n' +
    '    at new Promise (<anonymous>)',
  label: 'UM-ERROR',
  timestamp: '2023-06-07T11:15:54.917Z'
}
{
  statusCode: 409,
  level: '\x1B[31merror\x1B[39m',
  message: 'globalErrorHandler ~ Academic semester is already exist',
  stack: 'Error: Academic semester is already exist\n' +
    '    at model.<anonymous> (/home/rasel/Desktop/ph-next-level/university-management-system/src/app/modules/academicSemester/academicSemester.model.ts:54:11)\n' +
    '    at Generator.next (<anonymous>)\n' +
    '    at fulfilled (/home/rasel/Desktop/ph-next-level/university-management-system/src/app/modules/academicSemester/academicSemester.model.ts:5:58)\n' +
    '    at processTicksAndRejections (node:internal/process/task_queues:96:5)',
  label: 'UM-ERROR',
  timestamp: '2023-06-07T11:23:26.727Z'
}
