{
  issues: [
    {
      code: 'invalid_type',
      expected: 'string',
      received: 'undefined',
      path: [ 'body', 'role' ],
      message: 'role is required'
    }
  ],
  addIssue: [Function (anonymous)],
  addIssues: [Function (anonymous)],
  name: 'ZodError',
  level: '\x1B[31merror\x1B[39m',
  message: 'globalErrorHandler ~ [\n' +
    '  {\n' +
    '    "code": "invalid_type",\n' +
    '    "expected": "string",\n' +
    '    "received": "undefined",\n' +
    '    "path": [\n' +
    '      "body",\n' +
    '      "role"\n' +
    '    ],\n' +
    '    "message": "role is required"\n' +
    '  }\n' +
    ']',
  stack: 'ZodError: [\n' +
    '  {\n' +
    '    "code": "invalid_type",\n' +
    '    "expected": "string",\n' +
    '    "received": "undefined",\n' +
    '    "path": [\n' +
    '      "body",\n' +
    '      "role"\n' +
    '    ],\n' +
    '    "message": "role is required"\n' +
    '  }\n' +
    ']\n' +
    '    at Object.get error [as error] (/home/rasel/Desktop/ph-next-level/university-management-system/node_modules/zod/lib/types.js:43:31)\n' +
    '    at ZodObject.parseAsync (/home/rasel/Desktop/ph-next-level/university-management-system/node_modules/zod/lib/types.js:164:22)\n' +
    '    at processTicksAndRejections (node:internal/process/task_queues:96:5)',
  label: 'UM-ERROR',
  timestamp: '2023-06-07T06:02:58.312Z'
}
