{
  stringValue: '"6485e8072bb284fba8f"',
  messageFormat: undefined,
  kind: 'ObjectId',
  value: '6485e8072bb284fba8f',
  path: '_id',
  reason: BSONError: Argument passed in must be a string of 12 bytes or a string of 24 hex characters or an integer
      at new ObjectId (/home/rasel/Desktop/ph-next-assignment/university-management-system/node_modules/bson/src/objectid.ts:88:15)
      at castObjectId (/home/rasel/Desktop/ph-next-assignment/university-management-system/node_modules/mongoose/lib/cast/objectid.js:25:12)
      at ObjectId.cast (/home/rasel/Desktop/ph-next-assignment/university-management-system/node_modules/mongoose/lib/schema/objectid.js:246:12)
      at ObjectId.SchemaType.applySetters (/home/rasel/Desktop/ph-next-assignment/university-management-system/node_modules/mongoose/lib/schematype.js:1204:12)
      at ObjectId.SchemaType.castForQuery (/home/rasel/Desktop/ph-next-assignment/university-management-system/node_modules/mongoose/lib/schematype.js:1616:15)
      at cast (/home/rasel/Desktop/ph-next-assignment/university-management-system/node_modules/mongoose/lib/cast.js:348:32)
      at model.Query.Query.cast (/home/rasel/Desktop/ph-next-assignment/university-management-system/node_modules/mongoose/lib/query.js:4874:12)
      at model.Query.Query._castConditions (/home/rasel/Desktop/ph-next-assignment/university-management-system/node_modules/mongoose/lib/query.js:2210:10)
      at model.Query._findOne (/home/rasel/Desktop/ph-next-assignment/university-management-system/node_modules/mongoose/lib/query.js:2497:8)
      at model.Query.exec (/home/rasel/Desktop/ph-next-assignment/university-management-system/node_modules/mongoose/lib/query.js:4404:28),
  valueType: 'string',
  model: Model { AcademicSemester },
  level: '\x1B[31merror\x1B[39m',
  message: 'uncaught exception is detected Cast to ObjectId failed for value "6485e8072bb284fba8f" (type string) at path "_id" for model "AcademicSemester"',
  stack: 'CastError: Cast to ObjectId failed for value "6485e8072bb284fba8f" (type string) at path "_id" for model "AcademicSemester"\n' +
    '    at ObjectId.cast (/home/rasel/Desktop/ph-next-assignment/university-management-system/node_modules/mongoose/lib/schema/objectid.js:248:11)\n' +
    '    at ObjectId.SchemaType.applySetters (/home/rasel/Desktop/ph-next-assignment/university-management-system/node_modules/mongoose/lib/schematype.js:1204:12)\n' +
    '    at ObjectId.SchemaType.castForQuery (/home/rasel/Desktop/ph-next-assignment/university-management-system/node_modules/mongoose/lib/schematype.js:1616:15)\n' +
    '    at cast (/home/rasel/Desktop/ph-next-assignment/university-management-system/node_modules/mongoose/lib/cast.js:348:32)\n' +
    '    at model.Query.Query.cast (/home/rasel/Desktop/ph-next-assignment/university-management-system/node_modules/mongoose/lib/query.js:4874:12)\n' +
    '    at model.Query.Query._castConditions (/home/rasel/Desktop/ph-next-assignment/university-management-system/node_modules/mongoose/lib/query.js:2210:10)\n' +
    '    at model.Query._findOne (/home/rasel/Desktop/ph-next-assignment/university-management-system/node_modules/mongoose/lib/query.js:2497:8)\n' +
    '    at model.Query.exec (/home/rasel/Desktop/ph-next-assignment/university-management-system/node_modules/mongoose/lib/query.js:4404:28)\n' +
    '    at processTicksAndRejections (node:internal/process/task_queues:95:5)',
  label: 'UM-ERROR',
  timestamp: '2023-06-11T16:51:25.376Z'
}
